<?xml version="1.0" encoding="UTF-8"?>
<testng-results skipped="0" failed="0" total="1" passed="1">
  <reporter-output>
  </reporter-output>
  <suite name="Default suite" duration-ms="23" started-at="2017-05-29T23:20:27Z" finished-at="2017-05-29T23:20:27Z">
    <groups>
    </groups>
    <test name="Default test" duration-ms="23" started-at="2017-05-29T23:20:27Z" finished-at="2017-05-29T23:20:27Z">
      <class name="com.formlessvoid.games.dice.DieTest">
        <test-method status="PASS" signature="testDie()[pri:0, instance:com.formlessvoid.games.dice.DieTest@2cb4c3ab]" name="testDie" duration-ms="12" started-at="2017-05-29T16:20:27Z" finished-at="2017-05-29T16:20:27Z">
          <reporter-output>
          </reporter-output>
        </test-method> <!-- testDie -->
      </class> <!-- com.formlessvoid.games.dice.DieTest -->
    </test> <!-- Default test -->
  </suite> <!-- Default suite -->
</testng-results>
